Starting mapper with parameters
 {'learnlib_host': 'localhost', 'learnlib_port': 8000, 'ssh_host': 'localhost', 'ssh_port': 7000, 'auth_pw_ok_to': 3.0, 'auth_pw_ok_to_total': 3.3, 'auth_pw_nok_to': 0.8, 'auth_pw_nok_to_total': 1.0, 'global_to': 0.3, 'global_to_total': 0.35, 'cmd_to': 0.25, 'buffer_after_newkey': False}
Waiting for client to connect
Connected with 127.0.0.1:54370
SSH-version: SSH-2.0-dropbear_2022.83
[<paramiko.Transport at 0xaad28dc0 (connecting)>]
Sending b'reset'...
RESET SUT
SSH-version: SSH-2.0-dropbear_2022.83
[<paramiko.Transport at 0xaad97100 (connecting)>]
Sending b'KEXINIT'...
MSG_MAPPING: fuzz_kex_init
TO: 0.3  TOTAL_TO: 0.35
20
... server supports kex ['curve25519-sha256', 'curve25519-sha256@libssh.org', 'ecdh-sha2-nistp521', 'ecdh-sha2-nistp384', 'ecdh-sha2-nistp256', 'diffie-hellman-group14-sha256', 'diffie-hellman-group14-sha1', 'kexguess2@matt.ucc.asn.au']
... got KEXINIT (0.00038361549377441406)
[<paramiko.Transport at 0xaad97100 (cipher aes128-ctr, 128 bits) (connecting)>]
Sending b'KEX30'...
MSG_MAPPING: fuzz_kexdh_init
>>>><<<<<<
message.py line 269:  8648107442460316068910206011111146995440804003455267687774187829386043704211945098647919912272006203589714317408120068063102003215525561702782105157604303535326498610069511251790994257295951594359665599618011075590910031360735846506254327946676301268833020038900804626672323280162701630259184228257845195807681154768464860249702115536712517080197936120829279719954478552698948472279150995270110374988877622448211187662334642953543349247598125425796932850586194959115100498082648563332101452137984841427100282747114864609042155995168422365050927688521734547388989552049925432404326213037177481566661526580428771825362
WHAT IS N??? 8648107442460316068910206011111146995440804003455267687774187829386043704211945098647919912272006203589714317408120068063102003215525561702782105157604303535326498610069511251790994257295951594359665599618011075590910031360735846506254327946676301268833020038900804626672323280162701630259184228257845195807681154768464860249702115536712517080197936120829279719954478552698948472279150995270110374988877622448211187662334642953543349247598125425796932850586194959115100498082648563332101452137984841427100282747114864609042155995168422365050927688521734547388989552049925432404326213037177481566661526580428771825362 
It is a : <class 'int'>
Our engine:  <manualparamiko.kex_group14.KexGroup14 object at 0x7c22aad97a00>
TO: 0.3  TOTAL_TO: 0.35
31
message.py line 269:  8648107442460316068910206011111146995440804003455267687774187829386043704211945098647919912272006203589714317408120068063102003215525561702782105157604303535326498610069511251790994257295951594359665599618011075590910031360735846506254327946676301268833020038900804626672323280162701630259184228257845195807681154768464860249702115536712517080197936120829279719954478552698948472279150995270110374988877622448211187662334642953543349247598125425796932850586194959115100498082648563332101452137984841427100282747114864609042155995168422365050927688521734547388989552049925432404326213037177481566661526580428771825362
WHAT IS N??? 8648107442460316068910206011111146995440804003455267687774187829386043704211945098647919912272006203589714317408120068063102003215525561702782105157604303535326498610069511251790994257295951594359665599618011075590910031360735846506254327946676301268833020038900804626672323280162701630259184228257845195807681154768464860249702115536712517080197936120829279719954478552698948472279150995270110374988877622448211187662334642953543349247598125425796932850586194959115100498082648563332101452137984841427100282747114864609042155995168422365050927688521734547388989552049925432404326213037177481566661526580428771825362 
It is a : <class 'int'>
message.py line 269:  18329973642353092867237194204453809567666486831602995798356967888034656822095833918891582520749883784669857222240097534991681619093828471606589624882894194326117362143680080901387604635797657252531510666505584510665897218102574965562298676925411078257389274195022017497573074327970534054974882226361698962986769487701310780662526113328137619498613351494071754108073315962191143417203304989507488460698727353690299002070715706794128677521393927975227322163075529035692926499650553832604795691808495438095564136102798971220887886154814264322511504104865863484346239005106070456996785369096222024767284034387260497724690
WHAT IS N??? 18329973642353092867237194204453809567666486831602995798356967888034656822095833918891582520749883784669857222240097534991681619093828471606589624882894194326117362143680080901387604635797657252531510666505584510665897218102574965562298676925411078257389274195022017497573074327970534054974882226361698962986769487701310780662526113328137619498613351494071754108073315962191143417203304989507488460698727353690299002070715706794128677521393927975227322163075529035692926499650553832604795691808495438095564136102798971220887886154814264322511504104865863484346239005106070456996785369096222024767284034387260497724690 
It is a : <class 'int'>
message.py line 269:  18458148658200575596138617029367461156807314327922022088311696228013677189708471331530170097396595183206122511826679245958008690842026842237357427336805101753359757800286144601426223116767221553743361870068436572084904167058890889196364594034464314368620374623014425913954942251578451257380418437473922663089889155320643823447072000087397102001831523389209449828493238023086407258250471782740280269253162492367007980933125232100279192698262219425798105811762628465517839495484508971169702328168013750137621697074466705876645380150872932346477611142333626887828086634429645035760735797177734207950931282297883645885077
WHAT IS N??? 18458148658200575596138617029367461156807314327922022088311696228013677189708471331530170097396595183206122511826679245958008690842026842237357427336805101753359757800286144601426223116767221553743361870068436572084904167058890889196364594034464314368620374623014425913954942251578451257380418437473922663089889155320643823447072000087397102001831523389209449828493238023086407258250471782740280269253162492367007980933125232100279192698262219425798105811762628465517839495484508971169702328168013750137621697074466705876645380150872932346477611142333626887828086634429645035760735797177734207950931282297883645885077 
It is a : <class 'int'>
THIS IS THE K WHIHC IS NEVER SET: =========>>  18458148658200575596138617029367461156807314327922022088311696228013677189708471331530170097396595183206122511826679245958008690842026842237357427336805101753359757800286144601426223116767221553743361870068436572084904167058890889196364594034464314368620374623014425913954942251578451257380418437473922663089889155320643823447072000087397102001831523389209449828493238023086407258250471782740280269253162492367007980933125232100279192698262219425798105811762628465517839495484508971169702328168013750137621697074466705876645380150872932346477611142333626887828086634429645035760735797177734207950931282297883645885077  <<==========
... got KEX31 (0.059815406799316406)
21
message.py line 269:  18458148658200575596138617029367461156807314327922022088311696228013677189708471331530170097396595183206122511826679245958008690842026842237357427336805101753359757800286144601426223116767221553743361870068436572084904167058890889196364594034464314368620374623014425913954942251578451257380418437473922663089889155320643823447072000087397102001831523389209449828493238023086407258250471782740280269253162492367007980933125232100279192698262219425798105811762628465517839495484508971169702328168013750137621697074466705876645380150872932346477611142333626887828086634429645035760735797177734207950931282297883645885077
WHAT IS N??? 18458148658200575596138617029367461156807314327922022088311696228013677189708471331530170097396595183206122511826679245958008690842026842237357427336805101753359757800286144601426223116767221553743361870068436572084904167058890889196364594034464314368620374623014425913954942251578451257380418437473922663089889155320643823447072000087397102001831523389209449828493238023086407258250471782740280269253162492367007980933125232100279192698262219425798105811762628465517839495484508971169702328168013750137621697074466705876645380150872932346477611142333626887828086634429645035760735797177734207950931282297883645885077 
It is a : <class 'int'>
message.py line 269:  18458148658200575596138617029367461156807314327922022088311696228013677189708471331530170097396595183206122511826679245958008690842026842237357427336805101753359757800286144601426223116767221553743361870068436572084904167058890889196364594034464314368620374623014425913954942251578451257380418437473922663089889155320643823447072000087397102001831523389209449828493238023086407258250471782740280269253162492367007980933125232100279192698262219425798105811762628465517839495484508971169702328168013750137621697074466705876645380150872932346477611142333626887828086634429645035760735797177734207950931282297883645885077
WHAT IS N??? 18458148658200575596138617029367461156807314327922022088311696228013677189708471331530170097396595183206122511826679245958008690842026842237357427336805101753359757800286144601426223116767221553743361870068436572084904167058890889196364594034464314368620374623014425913954942251578451257380418437473922663089889155320643823447072000087397102001831523389209449828493238023086407258250471782740280269253162492367007980933125232100279192698262219425798105811762628465517839495484508971169702328168013750137621697074466705876645380150872932346477611142333626887828086634429645035760735797177734207950931282297883645885077 
It is a : <class 'int'>
message.py line 269:  18458148658200575596138617029367461156807314327922022088311696228013677189708471331530170097396595183206122511826679245958008690842026842237357427336805101753359757800286144601426223116767221553743361870068436572084904167058890889196364594034464314368620374623014425913954942251578451257380418437473922663089889155320643823447072000087397102001831523389209449828493238023086407258250471782740280269253162492367007980933125232100279192698262219425798105811762628465517839495484508971169702328168013750137621697074466705876645380150872932346477611142333626887828086634429645035760735797177734207950931282297883645885077
WHAT IS N??? 18458148658200575596138617029367461156807314327922022088311696228013677189708471331530170097396595183206122511826679245958008690842026842237357427336805101753359757800286144601426223116767221553743361870068436572084904167058890889196364594034464314368620374623014425913954942251578451257380418437473922663089889155320643823447072000087397102001831523389209449828493238023086407258250471782740280269253162492367007980933125232100279192698262219425798105811762628465517839495484508971169702328168013750137621697074466705876645380150872932346477611142333626887828086634429645035760735797177734207950931282297883645885077 
It is a : <class 'int'>
... also got NEWKEYS (0.060838937759399414)
[<paramiko.Transport at 0xaad97100 (cipher aes128-ctr, 128 bits) (connected; awaiting auth)>]
Sending b'NEWKEYS'...
MSG_MAPPING: fuzz_newkeys
==> Message in outbound: paramiko.Message(b'\x15')
Update?  True
NOT SERVERMODE ===========================================
Type of block_size <class 'int'>
Block_size:  16
message.py line 269:  None
WHAT IS N??? None 
It is a : <class 'NoneType'>
An exception has occured: int() argument must be a string, a bytes-like object or a number, not 'NoneType'
